<?xml version="1.0" encoding="UTF-8"?>
<testng-results ignored="0" total="2" passed="2" failed="0" skipped="0">
  <reporter-output>
  </reporter-output>
  <suite started-at="2021-12-12T16:07:40 IST" name="Default suite" finished-at="2021-12-12T16:07:48 IST" duration-ms="8163">
    <groups>
      <group name="cucumber">
        <method signature="AbstractTestNGCucumberTests.runScenario(io.cucumber.testng.PickleWrapper, io.cucumber.testng.FeatureWrapper)[pri:0, instance:com.example.Cucumber_TestNGDemo.runner.TestRunner@3ce1e309]" name="runScenario" class="io.cucumber.testng.AbstractTestNGCucumberTests"/>
      </group> <!-- cucumber -->
    </groups>
    <test started-at="2021-12-12T16:07:40 IST" name="Default test" finished-at="2021-12-12T16:07:48 IST" duration-ms="8163">
      <class name="com.example.Cucumber_TestNGDemo.runner.TestRunner">
        <test-method is-config="true" signature="setUpClass(org.testng.ITestContext)[pri:0, instance:com.example.Cucumber_TestNGDemo.runner.TestRunner@3ce1e309]" started-at="2021-12-12T16:07:40 IST" name="setUpClass" finished-at="2021-12-12T16:07:40 IST" duration-ms="356" status="PASS">
          <params>
            <param index="0">
              <value>
                <![CDATA[org.testng.TestRunner@620aa4ea]]>
              </value>
            </param>
          </params>
          <reporter-output>
          </reporter-output>
        </test-method> <!-- setUpClass -->
        <test-method signature="runScenario(io.cucumber.testng.PickleWrapper, io.cucumber.testng.FeatureWrapper)[pri:0, instance:com.example.Cucumber_TestNGDemo.runner.TestRunner@3ce1e309]" started-at="2021-12-12T16:07:40 IST" name="runScenario" description="Runs Cucumber Scenarios" data-provider="scenarios" finished-at="2021-12-12T16:07:47 IST" duration-ms="7233" status="PASS">
          <params>
            <param index="0">
              <value>
                <![CDATA["TC_001_Verifies the Google result"]]>
              </value>
            </param>
            <param index="1">
              <value>
                <![CDATA["Optional[Search Google page]"]]>
              </value>
            </param>
          </params>
          <reporter-output>
          </reporter-output>
        </test-method> <!-- runScenario -->
        <test-method signature="runScenario(io.cucumber.testng.PickleWrapper, io.cucumber.testng.FeatureWrapper)[pri:0, instance:com.example.Cucumber_TestNGDemo.runner.TestRunner@3ce1e309]" started-at="2021-12-12T16:07:40 IST" name="runScenario" description="Runs Cucumber Scenarios" data-provider="scenarios" finished-at="2021-12-12T16:07:47 IST" duration-ms="7017" status="PASS">
          <params>
            <param index="0">
              <value>
                <![CDATA["TC_001_Verifies the Google result"]]>
              </value>
            </param>
            <param index="1">
              <value>
                <![CDATA["Optional[Search Google page]"]]>
              </value>
            </param>
          </params>
          <reporter-output>
          </reporter-output>
        </test-method> <!-- runScenario -->
        <test-method is-config="true" signature="tearDownClass()[pri:0, instance:com.example.Cucumber_TestNGDemo.runner.TestRunner@3ce1e309]" started-at="2021-12-12T16:07:47 IST" name="tearDownClass" finished-at="2021-12-12T16:07:48 IST" duration-ms="543" status="PASS">
          <reporter-output>
          </reporter-output>
        </test-method> <!-- tearDownClass -->
      </class> <!-- com.example.Cucumber_TestNGDemo.runner.TestRunner -->
    </test> <!-- Default test -->
  </suite> <!-- Default suite -->
</testng-results>
