<?xml version="1.0" encoding="UTF-8"?>
<testng-results ignored="0" total="5" passed="5" failed="0" skipped="0">
  <reporter-output>
  </reporter-output>
  <suite started-at="2021-12-11T23:55:32 IST" name="Default suite" finished-at="2021-12-11T23:55:54 IST" duration-ms="21359">
    <groups>
      <group name="cucumber">
        <method signature="AbstractTestNGCucumberTests.runScenario(io.cucumber.testng.PickleWrapper,io.cucumber.testng.FeatureWrapper)[pri:0, instance:com.example.Cucumber_TestNGDemo.runner.TestRunner@4f83df68]" name="runScenario" class="io.cucumber.testng.AbstractTestNGCucumberTests"/>
      </group> <!-- cucumber -->
    </groups>
    <test started-at="2021-12-11T23:55:32 IST" name="Default test" finished-at="2021-12-11T23:55:54 IST" duration-ms="21359">
      <class name="com.example.Cucumber_TestNGDemo.runner.TestRunner">
        <test-method is-config="true" signature="setUpClass(org.testng.ITestContext)[pri:0, instance:com.example.Cucumber_TestNGDemo.runner.TestRunner@4f83df68]" started-at="2021-12-11T23:55:32 IST" name="setUpClass" finished-at="2021-12-11T23:55:33 IST" duration-ms="336" status="PASS">
          <params>
            <param index="0">
              <value>
                <![CDATA[org.testng.TestRunner@67af833b]]>
              </value>
            </param>
          </params>
          <reporter-output>
          </reporter-output>
        </test-method> <!-- setUpClass -->
        <test-method signature="runScenario(io.cucumber.testng.PickleWrapper,io.cucumber.testng.FeatureWrapper)[pri:0, instance:com.example.Cucumber_TestNGDemo.runner.TestRunner@4f83df68]" started-at="2021-12-11T23:55:33 IST" name="runScenario" description="Runs Cucumber Scenarios" data-provider="scenarios" finished-at="2021-12-11T23:55:41 IST" duration-ms="8600" status="PASS">
          <params>
            <param index="0">
              <value>
                <![CDATA["TC_002_Search Google Page"]]>
              </value>
            </param>
            <param index="1">
              <value>
                <![CDATA["Optional[Search Google page]"]]>
              </value>
            </param>
          </params>
          <reporter-output>
          </reporter-output>
        </test-method> <!-- runScenario -->
        <test-method signature="runScenario(io.cucumber.testng.PickleWrapper,io.cucumber.testng.FeatureWrapper)[pri:0, instance:com.example.Cucumber_TestNGDemo.runner.TestRunner@4f83df68]" started-at="2021-12-11T23:55:33 IST" name="runScenario" description="Runs Cucumber Scenarios" data-provider="scenarios" finished-at="2021-12-11T23:55:53 IST" duration-ms="20307" status="PASS">
          <params>
            <param index="0">
              <value>
                <![CDATA["TC_001_Verifies the Google result"]]>
              </value>
            </param>
            <param index="1">
              <value>
                <![CDATA["Optional[Search Google page]"]]>
              </value>
            </param>
          </params>
          <reporter-output>
          </reporter-output>
        </test-method> <!-- runScenario -->
        <test-method signature="runScenario(io.cucumber.testng.PickleWrapper,io.cucumber.testng.FeatureWrapper)[pri:0, instance:com.example.Cucumber_TestNGDemo.runner.TestRunner@4f83df68]" started-at="2021-12-11T23:55:33 IST" name="runScenario" description="Runs Cucumber Scenarios" data-provider="scenarios" finished-at="2021-12-11T23:55:53 IST" duration-ms="20018" status="PASS">
          <params>
            <param index="0">
              <value>
                <![CDATA["TC_001_Verifies the Google result"]]>
              </value>
            </param>
            <param index="1">
              <value>
                <![CDATA["Optional[Search Google page]"]]>
              </value>
            </param>
          </params>
          <reporter-output>
          </reporter-output>
        </test-method> <!-- runScenario -->
        <test-method signature="runScenario(io.cucumber.testng.PickleWrapper,io.cucumber.testng.FeatureWrapper)[pri:0, instance:com.example.Cucumber_TestNGDemo.runner.TestRunner@4f83df68]" started-at="2021-12-11T23:55:33 IST" name="runScenario" description="Runs Cucumber Scenarios" data-provider="scenarios" finished-at="2021-12-11T23:55:46 IST" duration-ms="13383" status="PASS">
          <params>
            <param index="0">
              <value>
                <![CDATA["TC_003_Launch Google Result"]]>
              </value>
            </param>
            <param index="1">
              <value>
                <![CDATA["Optional[Launch Google Result page]"]]>
              </value>
            </param>
          </params>
          <reporter-output>
          </reporter-output>
        </test-method> <!-- runScenario -->
        <test-method signature="runScenario(io.cucumber.testng.PickleWrapper,io.cucumber.testng.FeatureWrapper)[pri:0, instance:com.example.Cucumber_TestNGDemo.runner.TestRunner@4f83df68]" started-at="2021-12-11T23:55:33 IST" name="runScenario" description="Runs Cucumber Scenarios" data-provider="scenarios" finished-at="2021-12-11T23:55:53 IST" duration-ms="20224" status="PASS">
          <params>
            <param index="0">
              <value>
                <![CDATA["TC_004_Verifies Google result"]]>
              </value>
            </param>
            <param index="1">
              <value>
                <![CDATA["Optional[Launch Google Result page]"]]>
              </value>
            </param>
          </params>
          <reporter-output>
          </reporter-output>
        </test-method> <!-- runScenario -->
        <test-method is-config="true" signature="tearDownClass()[pri:0, instance:com.example.Cucumber_TestNGDemo.runner.TestRunner@4f83df68]" started-at="2021-12-11T23:55:53 IST" name="tearDownClass" finished-at="2021-12-11T23:55:54 IST" duration-ms="681" status="PASS">
          <reporter-output>
          </reporter-output>
        </test-method> <!-- tearDownClass -->
      </class> <!-- com.example.Cucumber_TestNGDemo.runner.TestRunner -->
    </test> <!-- Default test -->
  </suite> <!-- Default suite -->
</testng-results>
